Added Component: Designator=*U1(RS-232)
Add component. Clean all parameters for all variants
Add component (AddParameter): Name = "ComponentLink1Description"; Value = "Datasheet"; VariantName = "[No Variations]"
Add component (AddParameter): Name = "ComponentLink1URL"; Value = "*http://www.ti.com/lit/ds/symlink/trs232.pdf"; VariantName = "[No Variations]"
Add component (AddParameter): Name = "ComponentLink2Description"; Value = "Website"; VariantName = "[No Variations]"
Add component (AddParameter): Name = "ComponentLink2URL"; Value = "https://www.digikey.com/product-detail/en/texas-instruments/TRS232DR/296-25009-1-ND/2136546"; VariantName = "[No Variations]"
Add component (AddParameter): Name = "ComponentLinkURL"; Value = ""; VariantName = "[No Variations]"
Add component (AddParameter): Name = "Manufacturer 1"; Value = "*Texas Instruments"; VariantName = "[No Variations]"
Add component (AddParameter): Name = "Manufacturer Part Number 1"; Value = "*RS-232"; VariantName = "[No Variations]"
Add component (AddParameter): Name = "Supplier 1"; Value = "*Digi-Key"; VariantName = "[No Variations]"
Add component (AddParameter): Name = "Supplier Part Number 1"; Value = "*296-25009-1-ND"; VariantName = "[No Variations]"
Added Component: Designator=C2(CAPC0603)
Add component. Clean all parameters for all variants
Add component (AddParameter): Name = "Supplier 1"; Value = "Digi-Key"; VariantName = "[No Variations]"
Add component (AddParameter): Name = "Supplier Part Number 1"; Value = "1276-1000-1-ND"; VariantName = "[No Variations]"
Add component (AddParameter): Name = "Value"; Value = "1uF"; VariantName = "[No Variations]"
Added Component: Designator=C3(CAPC0603)
Add component. Clean all parameters for all variants
Add component (AddParameter): Name = "Supplier 1"; Value = "Digi-Key"; VariantName = "[No Variations]"
Add component (AddParameter): Name = "Supplier Part Number 1"; Value = "1276-1000-1-ND"; VariantName = "[No Variations]"
Add component (AddParameter): Name = "Value"; Value = "1uF"; VariantName = "[No Variations]"
Added Component: Designator=C4(CAPC0603)
Add component. Clean all parameters for all variants
Add component (AddParameter): Name = "Supplier 1"; Value = "Digi-Key"; VariantName = "[No Variations]"
Add component (AddParameter): Name = "Supplier Part Number 1"; Value = "1276-1000-1-ND"; VariantName = "[No Variations]"
Add component (AddParameter): Name = "Value"; Value = "1uF"; VariantName = "[No Variations]"
Added Component: Designator=C5(CAPC0603)
Add component. Clean all parameters for all variants
Add component (AddParameter): Name = "Supplier 1"; Value = "Digi-Key"; VariantName = "[No Variations]"
Add component (AddParameter): Name = "Supplier Part Number 1"; Value = "1276-1000-1-ND"; VariantName = "[No Variations]"
Add component (AddParameter): Name = "Value"; Value = "1uF"; VariantName = "[No Variations]"
Added Component: Designator=P1(MOLEX-HDR-1X5-SHERLOCK-VERT)
Add component. Clean all parameters for all variants
Add component (AddParameter): Name = "Manufacturer Part Number"; Value = ""; VariantName = "[No Variations]"
Add component (AddParameter): Name = "Order Part Number"; Value = ""; VariantName = "[No Variations]"
Added Component: Designator=P2(MOLEX-HDR-1X5-SHERLOCK-VERT)
Add component. Clean all parameters for all variants
Add component (AddParameter): Name = "Manufacturer Part Number"; Value = ""; VariantName = "[No Variations]"
Add component (AddParameter): Name = "Order Part Number"; Value = ""; VariantName = "[No Variations]"
Added Component: Designator=(CAPC0603)
Add component. Clean all parameters for all variants
Add component (AddParameter): Name = "Supplier 1"; Value = "Digi-Key"; VariantName = "[No Variations]"
Add component (AddParameter): Name = "Supplier Part Number 1"; Value = "1276-1000-1-ND"; VariantName = "[No Variations]"
Add component (AddParameter): Name = "Value"; Value = "1uF"; VariantName = "[No Variations]"
Added Pin To Net: NetName=5V Pin=*U1-16
Added Pin To Net: NetName=5V Pin=-1
Added Pin To Net: NetName=5V Pin=P1-1
Added Net: Name=5V
Added Pin To Net: NetName=GND Pin=*U1-15
Added Pin To Net: NetName=GND Pin=-2
Added Pin To Net: NetName=GND Pin=C3-2
Added Pin To Net: NetName=GND Pin=C5-2
Added Pin To Net: NetName=GND Pin=P2-5
Added Net: Name=GND
Added Pin To Net: NetName=Net*U1_1 Pin=*U1-1
Added Pin To Net: NetName=Net*U1_1 Pin=C2-1
Added Net: Name=Net*U1_1
Added Pin To Net: NetName=Net*U1_2 Pin=*U1-2
Added Pin To Net: NetName=Net*U1_2 Pin=C3-1
Added Net: Name=Net*U1_2
Added Pin To Net: NetName=Net*U1_3 Pin=*U1-3
Added Pin To Net: NetName=Net*U1_3 Pin=C2-2
Added Net: Name=Net*U1_3
Added Pin To Net: NetName=Net*U1_4 Pin=*U1-4
Added Pin To Net: NetName=Net*U1_4 Pin=C4-1
Added Net: Name=Net*U1_4
Added Pin To Net: NetName=Net*U1_5 Pin=*U1-5
Added Pin To Net: NetName=Net*U1_5 Pin=C4-2
Added Net: Name=Net*U1_5
Added Pin To Net: NetName=Net*U1_6 Pin=*U1-6
Added Pin To Net: NetName=Net*U1_6 Pin=C5-1
Added Net: Name=Net*U1_6
Added Pin To Net: NetName=R1IN Pin=*U1-13
Added Pin To Net: NetName=R1IN Pin=P2-3
Added Net: Name=R1IN
Added Pin To Net: NetName=R1OUT Pin=*U1-12
Added Pin To Net: NetName=R1OUT Pin=P1-4
Added Net: Name=R1OUT
Added Pin To Net: NetName=R2IN Pin=*U1-8
Added Pin To Net: NetName=R2IN Pin=P2-4
Added Net: Name=R2IN
Added Pin To Net: NetName=R2OUT Pin=*U1-9
Added Pin To Net: NetName=R2OUT Pin=P1-5
Added Net: Name=R2OUT
Added Pin To Net: NetName=T1IN Pin=*U1-11
Added Pin To Net: NetName=T1IN Pin=P1-2
Added Net: Name=T1IN
Added Pin To Net: NetName=T1OUT Pin=*U1-14
Added Pin To Net: NetName=T1OUT Pin=P2-1
Added Net: Name=T1OUT
Added Pin To Net: NetName=T2IN Pin=*U1-10
Added Pin To Net: NetName=T2IN Pin=P1-3
Added Net: Name=T2IN
Added Pin To Net: NetName=T2OUT Pin=*U1-7
Added Pin To Net: NetName=T2OUT Pin=P2-2
Added Net: Name=T2OUT
Added Class: Name=Example
